# JRE version: OpenJDK Runtime Environment GraalVM CE 22.3.0 (17.0.5+8) (build 17.0.5+8-jvmci-22.3-b08)
# Java VM: OpenJDK 64-Bit Server VM GraalVM CE 22.3.0 (17.0.5+8-jvmci-22.3-b08, mixed mode, sharing, tiered, jvmci, jvmci compiler, compressed oops, compressed class ptrs, parallel gc, linux-amd64)
GC Precious Log:
 CPUs: 8 total, 1 available
 Memory: 1024M
 Large Page Support: Disabled
 NUMA Support: Disabled
 Compressed Oops: Enabled (32-bit)
 Alignments: Space 512K, Generation 512K, Heap 2M
 Heap Min Capacity: 100M
 Heap Initial Capacity: 100M
 Heap Max Capacity: 512M
 Pre-touch: Disabled
 Parallel Workers: 1
Heap:
 PSYoungGen      total 37376K, used 25087K [0x00000000f5580000, 0x00000000f8800000, 0x0000000100000000)
  eden space 25088K, 99% used [0x00000000f5580000,0x00000000f6dffff8,0x00000000f6e00000)
  from space 12288K, 0% used [0x00000000f7a00000,0x00000000f7a00000,0x00000000f8600000)
  to   space 12288K, 0% used [0x00000000f6e00000,0x00000000f6e00000,0x00000000f7a00000)
 ParOldGen       total 349696K, used 349695K [0x00000000e0000000, 0x00000000f5580000, 0x00000000f5580000)
  object space 349696K, 99% used [0x00000000e0000000,0x00000000f557fff8,0x00000000f5580000)
 Metaspace       used 55561K, committed 56512K, reserved 1105920K
  class space    used 5578K, committed 6016K, reserved 1048576K
GC Heap History (20 events):
Event: 435.355 GC heap before
{Heap before GC invocations=281 (full 210):
 PSYoungGen      total 37376K, used 25087K [0x00000000f5580000, 0x00000000f8800000, 0x0000000100000000)
  eden space 25088K, 99% used [0x00000000f5580000,0x00000000f6dffff8,0x00000000f6e00000)
  from space 12288K, 0% used [0x00000000f7a00000,0x00000000f7a00000,0x00000000f8600000)
  to   space 12288K, 0% used [0x00000000f6e00000,0x00000000f6e00000,0x00000000f7a00000)
 ParOldGen       total 349696K, used 349695K [0x00000000e0000000, 0x00000000f5580000, 0x00000000f5580000)
  object space 349696K, 99% used [0x00000000e0000000,0x00000000f557fdc0,0x00000000f5580000)
 Metaspace       used 55557K, committed 56448K, reserved 1105920K
  class space    used 5577K, committed 5952K, reserved 1048576K
}
Event: 436.897 GC heap after
{Heap after GC invocations=281 (full 210):
 PSYoungGen      total 37376K, used 25087K [0x00000000f5580000, 0x00000000f8800000, 0x0000000100000000)
  eden space 25088K, 99% used [0x00000000f5580000,0x00000000f6dffff8,0x00000000f6e00000)
  from space 12288K, 0% used [0x00000000f6e00000,0x00000000f6e00000,0x00000000f7a00000)
  to   space 12288K, 0% used [0x00000000f7a00000,0x00000000f7a00000,0x00000000f8600000)
 ParOldGen       total 349696K, used 349695K [0x00000000e0000000, 0x00000000f5580000, 0x00000000f5580000)
  object space 349696K, 99% used [0x00000000e0000000,0x00000000f557fdc0,0x00000000f5580000)
 Metaspace       used 55557K, committed 56448K, reserved 1105920K
  class space    used 5577K, committed 5952K, reserved 1048576K
}
Event: 436.897 GC heap before
{Heap before GC invocations=282 (full 211):
 PSYoungGen      total 37376K, used 25087K [0x00000000f5580000, 0x00000000f8800000, 0x0000000100000000)
  eden space 25088K, 99% used [0x00000000f5580000,0x00000000f6dffff8,0x00000000f6e00000)
  from space 12288K, 0% used [0x00000000f6e00000,0x00000000f6e00000,0x00000000f7a00000)
  to   space 12288K, 0% used [0x00000000f7a00000,0x00000000f7a00000,0x00000000f8600000)
 ParOldGen       total 349696K, used 349695K [0x00000000e0000000, 0x00000000f5580000, 0x00000000f5580000)
  object space 349696K, 99% used [0x00000000e0000000,0x00000000f557ffa0,0x00000000f5580000)
 Metaspace       used 55557K, committed 56448K, reserved 1105920K
  class space    used 5577K, committed 5952K, reserved 1048576K
}
Event: 438.551 GC heap after
{Heap after GC invocations=282 (full 211):
 PSYoungGen      total 37376K, used 25087K [0x00000000f5580000, 0x00000000f8800000, 0x0000000100000000)
  eden space 25088K, 99% used [0x00000000f5580000,0x00000000f6dfff58,0x00000000f6e00000)
  from space 12288K, 0% used [0x00000000f7a00000,0x00000000f7a00000,0x00000000f8600000)
  to   space 12288K, 0% used [0x00000000f6e00000,0x00000000f6e00000,0x00000000f7a00000)
 ParOldGen       total 349696K, used 349695K [0x00000000e0000000, 0x00000000f5580000, 0x00000000f5580000)
  object space 349696K, 99% used [0x00000000e0000000,0x00000000f557ff20,0x00000000f5580000)
 Metaspace       used 55557K, committed 56448K, reserved 1105920K
  class space    used 5577K, committed 5952K, reserved 1048576K
}
Event: 438.551 GC heap before
{Heap before GC invocations=283 (full 212):
 PSYoungGen      total 37376K, used 25087K [0x00000000f5580000, 0x00000000f8800000, 0x0000000100000000)
  eden space 25088K, 99% used [0x00000000f5580000,0x00000000f6dfff58,0x00000000f6e00000)
  from space 12288K, 0% used [0x00000000f7a00000,0x00000000f7a00000,0x00000000f8600000)
  to   space 12288K, 0% used [0x00000000f6e00000,0x00000000f6e00000,0x00000000f7a00000)
 ParOldGen       total 349696K, used 349695K [0x00000000e0000000, 0x00000000f5580000, 0x00000000f5580000)
  object space 349696K, 99% used [0x00000000e0000000,0x00000000f557ff20,0x00000000f5580000)
 Metaspace       used 55557K, committed 56448K, reserved 1105920K
  class space    used 5577K, committed 5952K, reserved 1048576K
}
Event: 440.096 GC heap after
{Heap after GC invocations=283 (full 212):
 PSYoungGen      total 37376K, used 25087K [0x00000000f5580000, 0x00000000f8800000, 0x0000000100000000)
  eden space 25088K, 99% used [0x00000000f5580000,0x00000000f6dfff58,0x00000000f6e00000)
  from space 12288K, 0% used [0x00000000f6e00000,0x00000000f6e00000,0x00000000f7a00000)
  to   space 12288K, 0% used [0x00000000f7a00000,0x00000000f7a00000,0x00000000f8600000)
 ParOldGen       total 349696K, used 349695K [0x00000000e0000000, 0x00000000f5580000, 0x00000000f5580000)
  object space 349696K, 99% used [0x00000000e0000000,0x00000000f557ff20,0x00000000f5580000)
 Metaspace       used 55557K, committed 56448K, reserved 1105920K
  class space    used 5577K, committed 5952K, reserved 1048576K
}
Event: 440.096 GC heap before
{Heap before GC invocations=284 (full 213):
 PSYoungGen      total 37376K, used 25088K [0x00000000f5580000, 0x00000000f8800000, 0x0000000100000000)
  eden space 25088K, 100% used [0x00000000f5580000,0x00000000f6e00000,0x00000000f6e00000)
  from space 12288K, 0% used [0x00000000f6e00000,0x00000000f6e00000,0x00000000f7a00000)
  to   space 12288K, 0% used [0x00000000f7a00000,0x00000000f7a00000,0x00000000f8600000)
 ParOldGen       total 349696K, used 349695K [0x00000000e0000000, 0x00000000f5580000, 0x00000000f5580000)
  object space 349696K, 99% used [0x00000000e0000000,0x00000000f557ffe0,0x00000000f5580000)
 Metaspace       used 55557K, committed 56448K, reserved 1105920K
  class space    used 5577K, committed 5952K, reserved 1048576K
}
Event: 441.685 GC heap after
{Heap after GC invocations=284 (full 213):
 PSYoungGen      total 37376K, used 25087K [0x00000000f5580000, 0x00000000f8800000, 0x0000000100000000)
  eden space 25088K, 99% used [0x00000000f5580000,0x00000000f6dfff78,0x00000000f6e00000)
  from space 12288K, 0% used [0x00000000f7a00000,0x00000000f7a00000,0x00000000f8600000)
  to   space 12288K, 0% used [0x00000000f6e00000,0x00000000f6e00000,0x00000000f7a00000)
 ParOldGen       total 349696K, used 349694K [0x00000000e0000000, 0x00000000f5580000, 0x00000000f5580000)
  object space 349696K, 99% used [0x00000000e0000000,0x00000000f557fa50,0x00000000f5580000)
 Metaspace       used 55557K, committed 56448K, reserved 1105920K
  class space    used 5577K, committed 5952K, reserved 1048576K
}
Event: 441.687 GC heap before
{Heap before GC invocations=285 (full 214):
 PSYoungGen      total 37376K, used 25087K [0x00000000f5580000, 0x00000000f8800000, 0x0000000100000000)
  eden space 25088K, 99% used [0x00000000f5580000,0x00000000f6dffff0,0x00000000f6e00000)
  from space 12288K, 0% used [0x00000000f7a00000,0x00000000f7a00000,0x00000000f8600000)
  to   space 12288K, 0% used [0x00000000f6e00000,0x00000000f6e00000,0x00000000f7a00000)
 ParOldGen       total 349696K, used 349694K [0x00000000e0000000, 0x00000000f5580000, 0x00000000f5580000)
  object space 349696K, 99% used [0x00000000e0000000,0x00000000f557fa50,0x00000000f5580000)
 Metaspace       used 55557K, committed 56448K, reserved 1105920K
  class space    used 5577K, committed 5952K, reserved 1048576K
}
Event: 443.239 GC heap after
{Heap after GC invocations=285 (full 214):
 PSYoungGen      total 37376K, used 25087K [0x00000000f5580000, 0x00000000f8800000, 0x0000000100000000)
  eden space 25088K, 99% used [0x00000000f5580000,0x00000000f6dfffe0,0x00000000f6e00000)
  from space 12288K, 0% used [0x00000000f6e00000,0x00000000f6e00000,0x00000000f7a00000)
  to   space 12288K, 0% used [0x00000000f7a00000,0x00000000f7a00000,0x00000000f8600000)
 ParOldGen       total 349696K, used 349694K [0x00000000e0000000, 0x00000000f5580000, 0x00000000f5580000)
  object space 349696K, 99% used [0x00000000e0000000,0x00000000f557fa30,0x00000000f5580000)
 Metaspace       used 55557K, committed 56448K, reserved 1105920K
  class space    used 5577K, committed 5952K, reserved 1048576K
}
Event: 443.240 GC heap before
{Heap before GC invocations=286 (full 215):
 PSYoungGen      total 37376K, used 25087K [0x00000000f5580000, 0x00000000f8800000, 0x0000000100000000)
  eden space 25088K, 99% used [0x00000000f5580000,0x00000000f6dffff8,0x00000000f6e00000)
  from space 12288K, 0% used [0x00000000f6e00000,0x00000000f6e00000,0x00000000f7a00000)
  to   space 12288K, 0% used [0x00000000f7a00000,0x00000000f7a00000,0x00000000f8600000)
 ParOldGen       total 349696K, used 349694K [0x00000000e0000000, 0x00000000f5580000, 0x00000000f5580000)
  object space 349696K, 99% used [0x00000000e0000000,0x00000000f557fa30,0x00000000f5580000)
 Metaspace       used 55557K, committed 56448K, reserved 1105920K
  class space    used 5577K, committed 5952K, reserved 1048576K
}
Event: 444.661 GC heap after
{Heap after GC invocations=286 (full 215):
 PSYoungGen      total 37376K, used 25087K [0x00000000f5580000, 0x00000000f8800000, 0x0000000100000000)
  eden space 25088K, 99% used [0x00000000f5580000,0x00000000f6dfff98,0x00000000f6e00000)
  from space 12288K, 0% used [0x00000000f7a00000,0x00000000f7a00000,0x00000000f8600000)
  to   space 12288K, 0% used [0x00000000f6e00000,0x00000000f6e00000,0x00000000f7a00000)
 ParOldGen       total 349696K, used 349694K [0x00000000e0000000, 0x00000000f5580000, 0x00000000f5580000)
  object space 349696K, 99% used [0x00000000e0000000,0x00000000f557f9d8,0x00000000f5580000)
 Metaspace       used 55557K, committed 56448K, reserved 1105920K
  class space    used 5577K, committed 5952K, reserved 1048576K
}
Event: 444.662 GC heap before
{Heap before GC invocations=287 (full 216):
 PSYoungGen      total 37376K, used 25087K [0x00000000f5580000, 0x00000000f8800000, 0x0000000100000000)
  eden space 25088K, 99% used [0x00000000f5580000,0x00000000f6dfffb8,0x00000000f6e00000)
  from space 12288K, 0% used [0x00000000f7a00000,0x00000000f7a00000,0x00000000f8600000)
  to   space 12288K, 0% used [0x00000000f6e00000,0x00000000f6e00000,0x00000000f7a00000)
 ParOldGen       total 349696K, used 349694K [0x00000000e0000000, 0x00000000f5580000, 0x00000000f5580000)
  object space 349696K, 99% used [0x00000000e0000000,0x00000000f557f9d8,0x00000000f5580000)
 Metaspace       used 55560K, committed 56512K, reserved 1105920K
  class space    used 5577K, committed 6016K, reserved 1048576K
}
Event: 446.287 GC heap after
{Heap after GC invocations=287 (full 216):
 PSYoungGen      total 37376K, used 25087K [0x00000000f5580000, 0x00000000f8800000, 0x0000000100000000)
  eden space 25088K, 99% used [0x00000000f5580000,0x00000000f6dfffb8,0x00000000f6e00000)
  from space 12288K, 0% used [0x00000000f6e00000,0x00000000f6e00000,0x00000000f7a00000)
  to   space 12288K, 0% used [0x00000000f7a00000,0x00000000f7a00000,0x00000000f8600000)
 ParOldGen       total 349696K, used 349694K [0x00000000e0000000, 0x00000000f5580000, 0x00000000f5580000)
  object space 349696K, 99% used [0x00000000e0000000,0x00000000f557f9d8,0x00000000f5580000)
 Metaspace       used 55560K, committed 56512K, reserved 1105920K
  class space    used 5577K, committed 6016K, reserved 1048576K
}
Event: 446.288 GC heap before
{Heap before GC invocations=288 (full 217):
 PSYoungGen      total 37376K, used 25088K [0x00000000f5580000, 0x00000000f8800000, 0x0000000100000000)
  eden space 25088K, 100% used [0x00000000f5580000,0x00000000f6e00000,0x00000000f6e00000)
  from space 12288K, 0% used [0x00000000f6e00000,0x00000000f6e00000,0x00000000f7a00000)
  to   space 12288K, 0% used [0x00000000f7a00000,0x00000000f7a00000,0x00000000f8600000)
 ParOldGen       total 349696K, used 349695K [0x00000000e0000000, 0x00000000f5580000, 0x00000000f5580000)
  object space 349696K, 99% used [0x00000000e0000000,0x00000000f557ffd0,0x00000000f5580000)
 Metaspace       used 55560K, committed 56512K, reserved 1105920K
  class space    used 5577K, committed 6016K, reserved 1048576K
}
Event: 447.797 GC heap after
{Heap after GC invocations=288 (full 217):
 PSYoungGen      total 37376K, used 25087K [0x00000000f5580000, 0x00000000f8800000, 0x0000000100000000)
  eden space 25088K, 99% used [0x00000000f5580000,0x00000000f6dfffe8,0x00000000f6e00000)
  from space 12288K, 0% used [0x00000000f7a00000,0x00000000f7a00000,0x00000000f8600000)
  to   space 12288K, 0% used [0x00000000f6e00000,0x00000000f6e00000,0x00000000f7a00000)
 ParOldGen       total 349696K, used 349694K [0x00000000e0000000, 0x00000000f5580000, 0x00000000f5580000)
  object space 349696K, 99% used [0x00000000e0000000,0x00000000f557fad8,0x00000000f5580000)
 Metaspace       used 55560K, committed 56512K, reserved 1105920K
  class space    used 5577K, committed 6016K, reserved 1048576K
}
Event: 447.830 GC heap before
{Heap before GC invocations=289 (full 218):
 PSYoungGen      total 37376K, used 25087K [0x00000000f5580000, 0x00000000f8800000, 0x0000000100000000)
  eden space 25088K, 99% used [0x00000000f5580000,0x00000000f6dfffe8,0x00000000f6e00000)
  from space 12288K, 0% used [0x00000000f7a00000,0x00000000f7a00000,0x00000000f8600000)
  to   space 12288K, 0% used [0x00000000f6e00000,0x00000000f6e00000,0x00000000f7a00000)
 ParOldGen       total 349696K, used 349695K [0x00000000e0000000, 0x00000000f5580000, 0x00000000f5580000)
  object space 349696K, 99% used [0x00000000e0000000,0x00000000f557fd58,0x00000000f5580000)
 Metaspace       used 55560K, committed 56512K, reserved 1105920K
  class space    used 5577K, committed 6016K, reserved 1048576K
}
Event: 449.392 GC heap after
{Heap after GC invocations=289 (full 218):
 PSYoungGen      total 37376K, used 25087K [0x00000000f5580000, 0x00000000f8800000, 0x0000000100000000)
  eden space 25088K, 99% used [0x00000000f5580000,0x00000000f6dfffe8,0x00000000f6e00000)
  from space 12288K, 0% used [0x00000000f6e00000,0x00000000f6e00000,0x00000000f7a00000)
  to   space 12288K, 0% used [0x00000000f7a00000,0x00000000f7a00000,0x00000000f8600000)
 ParOldGen       total 349696K, used 349695K [0x00000000e0000000, 0x00000000f5580000, 0x00000000f5580000)
  object space 349696K, 99% used [0x00000000e0000000,0x00000000f557fd38,0x00000000f5580000)
 Metaspace       used 55560K, committed 56512K, reserved 1105920K
  class space    used 5577K, committed 6016K, reserved 1048576K
}
Event: 449.392 GC heap before
{Heap before GC invocations=290 (full 219):
 PSYoungGen      total 37376K, used 25087K [0x00000000f5580000, 0x00000000f8800000, 0x0000000100000000)
  eden space 25088K, 99% used [0x00000000f5580000,0x00000000f6dfffe8,0x00000000f6e00000)
  from space 12288K, 0% used [0x00000000f6e00000,0x00000000f6e00000,0x00000000f7a00000)
  to   space 12288K, 0% used [0x00000000f7a00000,0x00000000f7a00000,0x00000000f8600000)
 ParOldGen       total 349696K, used 349695K [0x00000000e0000000, 0x00000000f5580000, 0x00000000f5580000)
  object space 349696K, 99% used [0x00000000e0000000,0x00000000f557fd38,0x00000000f5580000)
 Metaspace       used 55560K, committed 56512K, reserved 1105920K
  class space    used 5577K, committed 6016K, reserved 1048576K
}
Event: 450.946 GC heap after
{Heap after GC invocations=290 (full 219):
 PSYoungGen      total 37376K, used 25087K [0x00000000f5580000, 0x00000000f8800000, 0x0000000100000000)
  eden space 25088K, 99% used [0x00000000f5580000,0x00000000f6dfffe8,0x00000000f6e00000)
  from space 12288K, 0% used [0x00000000f7a00000,0x00000000f7a00000,0x00000000f8600000)
  to   space 12288K, 0% used [0x00000000f6e00000,0x00000000f6e00000,0x00000000f7a00000)
 ParOldGen       total 349696K, used 349695K [0x00000000e0000000, 0x00000000f5580000, 0x00000000f5580000)
  object space 349696K, 99% used [0x00000000e0000000,0x00000000f557fd38,0x00000000f5580000)
 Metaspace       used 55560K, committed 56512K, reserved 1105920K
  class space    used 5577K, committed 6016K, reserved 1048576K
}

